c:\users\toshiaki takahashi\onedrive\ccs\project\girlsssaproject\girlsssaproject\release\block.obj
c:\users\toshiaki takahashi\onedrive\ccs\project\girlsssaproject\girlsssaproject\release\novel.obj
c:\users\toshiaki takahashi\onedrive\ccs\project\girlsssaproject\girlsssaproject\release\tobecon.obj
c:\users\toshiaki takahashi\onedrive\ccs\project\girlsssaproject\girlsssaproject\release\action.obj
c:\users\toshiaki takahashi\onedrive\ccs\project\girlsssaproject\girlsssaproject\release\player.obj
c:\users\toshiaki takahashi\onedrive\ccs\project\girlsssaproject\girlsssaproject\release\stage.obj
c:\users\toshiaki takahashi\onedrive\ccs\project\girlsssaproject\girlsssaproject\release\title.obj
c:\users\toshiaki takahashi\onedrive\ccs\project\girlsssaproject\girlsssaproject\release\enemy.obj
c:\users\toshiaki takahashi\onedrive\ccs\project\girlsssaproject\girlsssaproject\release\gameover.obj
c:\users\toshiaki takahashi\onedrive\ccs\project\girlsssaproject\girlsssaproject\release\select.obj
c:\users\toshiaki takahashi\onedrive\ccs\project\girlsssaproject\girlsssaproject\release\game.obj
c:\users\toshiaki takahashi\onedrive\ccs\project\girlsssaproject\girlsssaproject\release\main.obj
c:\users\toshiaki takahashi\onedrive\ccs\project\girlsssaproject\girlsssaproject\release\system.obj
c:\users\toshiaki takahashi\onedrive\ccs\project\girlsssaproject\girlsssaproject\release\vc140.pdb
c:\users\toshiaki takahashi\onedrive\ccs\project\girlsssaproject\girlsssaproject\release\girlsssaproject.lib
c:\users\toshiaki takahashi\onedrive\ccs\project\girlsssaproject\girlsssaproject\release\girlsssaproject.exp
c:\users\toshiaki takahashi\onedrive\ccs\project\girlsssaproject\girlsssaproject\release\girlsssaproject.exe
c:\users\toshiaki takahashi\onedrive\ccs\project\girlsssaproject\girlsssaproject\release\girlsssaproject.ipdb
c:\users\toshiaki takahashi\onedrive\ccs\project\girlsssaproject\girlsssaproject\release\girlsssaproject.iobj
c:\users\toshiaki takahashi\onedrive\ccs\project\girlsssaproject\girlsssaproject\release\girlsssaproject.pdb
c:\users\toshiaki takahashi\onedrive\ccs\project\girlsssaproject\girlsssaproject\release\resource.res
c:\users\toshiaki takahashi\onedrive\ccs\project\girlsssaproject\girlsssaproject\release\girlsssaproject.tlog\cl.command.1.tlog
c:\users\toshiaki takahashi\onedrive\ccs\project\girlsssaproject\girlsssaproject\release\girlsssaproject.tlog\cl.read.1.tlog
c:\users\toshiaki takahashi\onedrive\ccs\project\girlsssaproject\girlsssaproject\release\girlsssaproject.tlog\cl.write.1.tlog
c:\users\toshiaki takahashi\onedrive\ccs\project\girlsssaproject\girlsssaproject\release\girlsssaproject.tlog\girlsssaproject.write.1u.tlog
c:\users\toshiaki takahashi\onedrive\ccs\project\girlsssaproject\girlsssaproject\release\girlsssaproject.tlog\link.command.1.tlog
c:\users\toshiaki takahashi\onedrive\ccs\project\girlsssaproject\girlsssaproject\release\girlsssaproject.tlog\link.read.1.tlog
c:\users\toshiaki takahashi\onedrive\ccs\project\girlsssaproject\girlsssaproject\release\girlsssaproject.tlog\link.write.1.tlog
c:\users\toshiaki takahashi\onedrive\ccs\project\girlsssaproject\girlsssaproject\release\girlsssaproject.tlog\rc.command.1.tlog
c:\users\toshiaki takahashi\onedrive\ccs\project\girlsssaproject\girlsssaproject\release\girlsssaproject.tlog\rc.read.1.tlog
c:\users\toshiaki takahashi\onedrive\ccs\project\girlsssaproject\girlsssaproject\release\girlsssaproject.tlog\rc.write.1.tlog
